{
  "RSpec": {
    "coverage": {
      "/home/saasbook/Documents/codigoSecreto/app/controllers/application_controller.rb": [
        1,
        1,
        null
      ],
      "/home/saasbook/Documents/codigoSecreto/app/helpers/application_helper.rb": [
        1,
        null
      ],
      "/home/saasbook/Documents/codigoSecreto/app/helpers/game_helper.rb": [
        1,
        null
      ],
      "/home/saasbook/Documents/codigoSecreto/app/controllers/game_controller.rb": [
        1,
        1,
        1,
        1,
        null,
        null,
        1,
        0,
        null,
        null,
        1,
        6,
        6,
        6,
        null,
        null,
        6,
        1,
        null,
        null,
        null,
        1,
        null,
        null,
        null
      ],
      "/home/saasbook/Documents/codigoSecreto/app/models/game.rb": [
        1,
        1,
        null,
        1,
        null,
        1,
        9,
        9,
        9,
        9,
        36,
        36,
        null,
        9,
        null,
        null,
        1,
        null,
        1,
        12,
        12,
        null,
        null,
        null,
        null
      ],
      "/home/saasbook/Documents/codigoSecreto/app/models/game_guess.rb": [
        1,
        1,
        null
      ]
    },
    "timestamp": 1334930180
  },
  "Cucumber Features": {
    "coverage": {
      "/home/saasbook/Documents/codigoSecreto/app/controllers/application_controller.rb": [
        1,
        1,
        null
      ],
      "/home/saasbook/Documents/codigoSecreto/app/helpers/application_helper.rb": [
        1,
        null
      ],
      "/home/saasbook/Documents/codigoSecreto/app/helpers/game_helper.rb": [
        1,
        null
      ],
      "/home/saasbook/Documents/codigoSecreto/app/controllers/game_controller.rb": [
        1,
        1,
        2,
        2,
        null,
        null,
        1,
        2,
        null,
        null,
        1,
        1,
        1,
        1,
        null,
        null,
        1,
        0,
        null,
        null,
        null,
        1,
        null,
        null,
        null
      ],
      "/home/saasbook/Documents/codigoSecreto/app/models/game.rb": [
        1,
        1,
        null,
        1,
        null,
        1,
        1,
        1,
        1,
        1,
        12,
        12,
        null,
        1,
        null,
        null,
        1,
        null,
        1,
        2,
        2,
        null,
        null,
        null,
        null
      ],
      "/home/saasbook/Documents/codigoSecreto/app/models/game_guess.rb": [
        1,
        1,
        null
      ]
    },
    "timestamp": 1334930231
  }
}
