{
  "RSpec": {
    "coverage": {
      "/home/dearuser/Projects/codigoSecreto/app/controllers/application_controller.rb": [
        1,
        1,
        null
      ],
      "/home/dearuser/Projects/codigoSecreto/app/helpers/application_helper.rb": [
        1,
        null
      ],
      "/home/dearuser/Projects/codigoSecreto/app/helpers/game_helper.rb": [
        1,
        null
      ],
      "/home/dearuser/Projects/codigoSecreto/app/controllers/game_controller.rb": [
        1,
        1,
        null,
        null,
        1,
        1,
        1,
        1,
        null,
        0,
        0,
        0,
        null,
        null,
        null,
        1,
        null,
        null,
        null
      ],
      "/home/dearuser/Projects/codigoSecreto/app/models/game.rb": [
        1,
        null
      ]
    },
    "timestamp": 1334002248
  }
}
